# JRE version: Java(TM) SE Runtime Environment (8.0_45-b14) (build 1.8.0_45-b14)
# Java VM: Java HotSpot(TM) 64-Bit Server VM (25.45-b02 mixed mode linux-amd64 compressed oops)
Heap:
 PSYoungGen      total 253952K, used 480K [0x00000000eab00000, 0x00000000faf00000, 0x0000000100000000)
  eden space 243712K, 0% used [0x00000000eab00000,0x00000000eab00000,0x00000000f9900000)
  from space 10240K, 4% used [0x00000000f9900000,0x00000000f9978000,0x00000000fa300000)
  to   space 7168K, 0% used [0x00000000fa300000,0x00000000fa300000,0x00000000faa00000)
 ParOldGen       total 34816K, used 30240K [0x00000000c0000000, 0x00000000c2200000, 0x00000000eab00000)
  object space 34816K, 86% used [0x00000000c0000000,0x00000000c1d882e0,0x00000000c2200000)
 Metaspace       used 33944K, capacity 35386K, committed 35416K, reserved 1079296K
  class space    used 4499K, capacity 5093K, committed 5120K, reserved 1048576K
GC Heap History (10 events):
Event: 8.640 GC heap after
Heap after GC invocations=11 (full 1):
 PSYoungGen      total 135168K, used 1472K [0x00000000eab00000, 0x00000000f3980000, 0x0000000100000000)
  eden space 128000K, 0% used [0x00000000eab00000,0x00000000eab00000,0x00000000f2800000)
  from space 7168K, 20% used [0x00000000f2f80000,0x00000000f30f0030,0x00000000f3680000)
  to   space 7680K, 0% used [0x00000000f2800000,0x00000000f2800000,0x00000000f2f80000)
 ParOldGen       total 34816K, used 9723K [0x00000000c0000000, 0x00000000c2200000, 0x00000000eab00000)
  object space 34816K, 27% used [0x00000000c0000000,0x00000000c097ee60,0x00000000c2200000)
 Metaspace       used 23136K, capacity 23734K, committed 24064K, reserved 1071104K
  class space    used 2998K, capacity 3219K, committed 3328K, reserved 1048576K
}
Event: 9.603 GC heap before
{Heap before GC invocations=12 (full 1):
 PSYoungGen      total 135168K, used 129472K [0x00000000eab00000, 0x00000000f3980000, 0x0000000100000000)
  eden space 128000K, 100% used [0x00000000eab00000,0x00000000f2800000,0x00000000f2800000)
  from space 7168K, 20% used [0x00000000f2f80000,0x00000000f30f0030,0x00000000f3680000)
  to   space 7680K, 0% used [0x00000000f2800000,0x00000000f2800000,0x00000000f2f80000)
 ParOldGen       total 34816K, used 9723K [0x00000000c0000000, 0x00000000c2200000, 0x00000000eab00000)
  object space 34816K, 27% used [0x00000000c0000000,0x00000000c097ee60,0x00000000c2200000)
 Metaspace       used 23670K, capacity 24478K, committed 24704K, reserved 1071104K
  class space    used 3064K, capacity 3331K, committed 3456K, reserved 1048576K
Event: 9.635 GC heap after
Heap after GC invocations=12 (full 1):
 PSYoungGen      total 135680K, used 3122K [0x00000000eab00000, 0x00000000f6a80000, 0x0000000100000000)
  eden space 128000K, 0% used [0x00000000eab00000,0x00000000eab00000,0x00000000f2800000)
  from space 7680K, 40% used [0x00000000f2800000,0x00000000f2b0cbc8,0x00000000f2f80000)
  to   space 7168K, 0% used [0x00000000f6380000,0x00000000f6380000,0x00000000f6a80000)
 ParOldGen       total 34816K, used 11138K [0x00000000c0000000, 0x00000000c2200000, 0x00000000eab00000)
  object space 34816K, 31% used [0x00000000c0000000,0x00000000c0ae09c8,0x00000000c2200000)
 Metaspace       used 23670K, capacity 24478K, committed 24704K, reserved 1071104K
  class space    used 3064K, capacity 3331K, committed 3456K, reserved 1048576K
}
Event: 11.764 GC heap before
{Heap before GC invocations=13 (full 1):
 PSYoungGen      total 135680K, used 131122K [0x00000000eab00000, 0x00000000f6a80000, 0x0000000100000000)
  eden space 128000K, 100% used [0x00000000eab00000,0x00000000f2800000,0x00000000f2800000)
  from space 7680K, 40% used [0x00000000f2800000,0x00000000f2b0cbc8,0x00000000f2f80000)
  to   space 7168K, 0% used [0x00000000f6380000,0x00000000f6380000,0x00000000f6a80000)
 ParOldGen       total 34816K, used 11138K [0x00000000c0000000, 0x00000000c2200000, 0x00000000eab00000)
  object space 34816K, 31% used [0x00000000c0000000,0x00000000c0ae09c8,0x00000000c2200000)
 Metaspace       used 24963K, capacity 25850K, committed 25984K, reserved 1071104K
  class space    used 3282K, capacity 3604K, committed 3712K, reserved 1048576K
Event: 11.787 GC heap after
Heap after GC invocations=13 (full 1):
 PSYoungGen      total 184832K, used 4512K [0x00000000eab00000, 0x00000000f6880000, 0x0000000100000000)
  eden space 179712K, 0% used [0x00000000eab00000,0x00000000eab00000,0x00000000f5a80000)
  from space 5120K, 88% used [0x00000000f6380000,0x00000000f67e8310,0x00000000f6880000)
  to   space 7168K, 0% used [0x00000000f5a80000,0x00000000f5a80000,0x00000000f6180000)
 ParOldGen       total 34816K, used 13609K [0x00000000c0000000, 0x00000000c2200000, 0x00000000eab00000)
  object space 34816K, 39% used [0x00000000c0000000,0x00000000c0d4a658,0x00000000c2200000)
 Metaspace       used 24963K, capacity 25850K, committed 25984K, reserved 1071104K
  class space    used 3282K, capacity 3604K, committed 3712K, reserved 1048576K
}
Event: 15.797 GC heap before
{Heap before GC invocations=14 (full 1):
 PSYoungGen      total 184832K, used 184224K [0x00000000eab00000, 0x00000000f6880000, 0x0000000100000000)
  eden space 179712K, 100% used [0x00000000eab00000,0x00000000f5a80000,0x00000000f5a80000)
  from space 5120K, 88% used [0x00000000f6380000,0x00000000f67e8310,0x00000000f6880000)
  to   space 7168K, 0% used [0x00000000f5a80000,0x00000000f5a80000,0x00000000f6180000)
 ParOldGen       total 34816K, used 13609K [0x00000000c0000000, 0x00000000c2200000, 0x00000000eab00000)
  object space 34816K, 39% used [0x00000000c0000000,0x00000000c0d4a658,0x00000000c2200000)
 Metaspace       used 28784K, capacity 29768K, committed 30080K, reserved 1075200K
  class space    used 3751K, capacity 4129K, committed 4224K, reserved 1048576K
Event: 15.813 GC heap after
Heap after GC invocations=14 (full 1):
 PSYoungGen      total 186880K, used 4870K [0x00000000eab00000, 0x00000000faa00000, 0x0000000100000000)
  eden space 179712K, 0% used [0x00000000eab00000,0x00000000eab00000,0x00000000f5a80000)
  from space 7168K, 67% used [0x00000000f5a80000,0x00000000f5f41b48,0x00000000f6180000)
  to   space 7168K, 0% used [0x00000000fa300000,0x00000000fa300000,0x00000000faa00000)
 ParOldGen       total 34816K, used 17061K [0x00000000c0000000, 0x00000000c2200000, 0x00000000eab00000)
  object space 34816K, 49% used [0x00000000c0000000,0x00000000c10a96b0,0x00000000c2200000)
 Metaspace       used 28784K, capacity 29768K, committed 30080K, reserved 1075200K
  class space    used 3751K, capacity 4129K, committed 4224K, reserved 1048576K
}
Event: 32.894 GC heap before
{Heap before GC invocations=15 (full 1):
 PSYoungGen      total 186880K, used 184582K [0x00000000eab00000, 0x00000000faa00000, 0x0000000100000000)
  eden space 179712K, 100% used [0x00000000eab00000,0x00000000f5a80000,0x00000000f5a80000)
  from space 7168K, 67% used [0x00000000f5a80000,0x00000000f5f41b48,0x00000000f6180000)
  to   space 7168K, 0% used [0x00000000fa300000,0x00000000fa300000,0x00000000faa00000)
 ParOldGen       total 34816K, used 17061K [0x00000000c0000000, 0x00000000c2200000, 0x00000000eab00000)
  object space 34816K, 49% used [0x00000000c0000000,0x00000000c10a96b0,0x00000000c2200000)
 Metaspace       used 33893K, capacity 35296K, committed 35416K, reserved 1079296K
  class space    used 4480K, capacity 5042K, committed 5120K, reserved 1048576K
Event: 33.218 GC heap after
Heap after GC invocations=15 (full 1):
 PSYoungGen      total 250880K, used 7136K [0x00000000eab00000, 0x00000000faf00000, 0x0000000100000000)
  eden space 243712K, 0% used [0x00000000eab00000,0x00000000eab00000,0x00000000f9900000)
  from space 7168K, 99% used [0x00000000fa300000,0x00000000fa9f8020,0x00000000faa00000)
  to   space 10240K, 0% used [0x00000000f9900000,0x00000000f9900000,0x00000000fa300000)
 ParOldGen       total 34816K, used 23134K [0x00000000c0000000, 0x00000000c2200000, 0x00000000eab00000)
  object space 34816K, 66% used [0x00000000c0000000,0x00000000c1697ad0,0x00000000c2200000)
 Metaspace       used 33893K, capacity 35296K, committed 35416K, reserved 1079296K
  class space    used 4480K, capacity 5042K, committed 5120K, reserved 1048576K
}
Event: 33.977 GC heap before
{Heap before GC invocations=16 (full 1):
 PSYoungGen      total 250880K, used 11962K [0x00000000eab00000, 0x00000000faf00000, 0x0000000100000000)
  eden space 243712K, 1% used [0x00000000eab00000,0x00000000eafb6af8,0x00000000f9900000)
  from space 7168K, 99% used [0x00000000fa300000,0x00000000fa9f8020,0x00000000faa00000)
  to   space 10240K, 0% used [0x00000000f9900000,0x00000000f9900000,0x00000000fa300000)
 ParOldGen       total 34816K, used 23134K [0x00000000c0000000, 0x00000000c2200000, 0x00000000eab00000)
  object space 34816K, 66% used [0x00000000c0000000,0x00000000c1697ad0,0x00000000c2200000)
 Metaspace       used 33944K, capacity 35386K, committed 35416K, reserved 1079296K
  class space    used 4499K, capacity 5093K, committed 5120K, reserved 1048576K

