# JRE version: Java(TM) SE Runtime Environment (8.0_45-b14) (build 1.8.0_45-b14)
# Java VM: Java HotSpot(TM) 64-Bit Server VM (25.45-b02 mixed mode linux-amd64 compressed oops)
Heap:
 PSYoungGen      total 135680K, used 27555K [0x00000000eab00000, 0x00000000f4f80000, 0x0000000100000000)
  eden space 102912K, 0% used [0x00000000eab00000,0x00000000eab00000,0x00000000f0f80000)
  from space 32768K, 84% used [0x00000000f0f80000,0x00000000f2a68e28,0x00000000f2f80000)
  to   space 12288K, 0% used [0x00000000f4380000,0x00000000f4380000,0x00000000f4f80000)
 ParOldGen       total 77824K, used 26997K [0x00000000c0000000, 0x00000000c4c00000, 0x00000000eab00000)
  object space 77824K, 34% used [0x00000000c0000000,0x00000000c1a5d5e0,0x00000000c4c00000)
 Metaspace       used 7366K, capacity 7864K, committed 7936K, reserved 1056768K
  class space    used 717K, capacity 752K, committed 768K, reserved 1048576K
GC Heap History (10 events):
Event: 2.009 GC heap after
Heap after GC invocations=3 (full 0):
 PSYoungGen      total 33280K, used 2530K [0x00000000eab00000, 0x00000000eec00000, 0x0000000100000000)
  eden space 30720K, 0% used [0x00000000eab00000,0x00000000eab00000,0x00000000ec900000)
  from space 2560K, 98% used [0x00000000ec900000,0x00000000ecb78898,0x00000000ecb80000)
  to   space 2560K, 0% used [0x00000000ee980000,0x00000000ee980000,0x00000000eec00000)
 ParOldGen       total 40960K, used 12555K [0x00000000c0000000, 0x00000000c2800000, 0x00000000eab00000)
  object space 40960K, 30% used [0x00000000c0000000,0x00000000c0c42cf0,0x00000000c2800000)
 Metaspace       used 5835K, capacity 6832K, committed 7040K, reserved 1056768K
  class space    used 581K, capacity 616K, committed 640K, reserved 1048576K
}
Event: 2.636 GC heap before
{Heap before GC invocations=4 (full 0):
 PSYoungGen      total 33280K, used 24439K [0x00000000eab00000, 0x00000000eec00000, 0x0000000100000000)
  eden space 30720K, 71% used [0x00000000eab00000,0x00000000ec065508,0x00000000ec900000)
  from space 2560K, 98% used [0x00000000ec900000,0x00000000ecb78898,0x00000000ecb80000)
  to   space 2560K, 0% used [0x00000000ee980000,0x00000000ee980000,0x00000000eec00000)
 ParOldGen       total 40960K, used 12555K [0x00000000c0000000, 0x00000000c2800000, 0x00000000eab00000)
  object space 40960K, 30% used [0x00000000c0000000,0x00000000c0c42cf0,0x00000000c2800000)
 Metaspace       used 6732K, capacity 7352K, committed 7680K, reserved 1056768K
  class space    used 654K, capacity 688K, committed 768K, reserved 1048576K
Event: 2.653 GC heap after
Heap after GC invocations=4 (full 0):
 PSYoungGen      total 64000K, used 2547K [0x00000000eab00000, 0x00000000eec00000, 0x0000000100000000)
  eden space 61440K, 0% used [0x00000000eab00000,0x00000000eab00000,0x00000000ee700000)
  from space 2560K, 99% used [0x00000000ee980000,0x00000000eebfce10,0x00000000eec00000)
  to   space 2560K, 0% used [0x00000000ee700000,0x00000000ee700000,0x00000000ee980000)
 ParOldGen       total 40960K, used 18384K [0x00000000c0000000, 0x00000000c2800000, 0x00000000eab00000)
  object space 40960K, 44% used [0x00000000c0000000,0x00000000c11f40b8,0x00000000c2800000)
 Metaspace       used 6732K, capacity 7352K, committed 7680K, reserved 1056768K
  class space    used 654K, capacity 688K, committed 768K, reserved 1048576K
}
Event: 3.420 GC heap before
{Heap before GC invocations=5 (full 0):
 PSYoungGen      total 64000K, used 63987K [0x00000000eab00000, 0x00000000eec00000, 0x0000000100000000)
  eden space 61440K, 100% used [0x00000000eab00000,0x00000000ee700000,0x00000000ee700000)
  from space 2560K, 99% used [0x00000000ee980000,0x00000000eebfce10,0x00000000eec00000)
  to   space 2560K, 0% used [0x00000000ee700000,0x00000000ee700000,0x00000000ee980000)
 ParOldGen       total 40960K, used 18384K [0x00000000c0000000, 0x00000000c2800000, 0x00000000eab00000)
  object space 40960K, 44% used [0x00000000c0000000,0x00000000c11f40b8,0x00000000c2800000)
 Metaspace       used 6906K, capacity 7480K, committed 7680K, reserved 1056768K
  class space    used 670K, capacity 688K, committed 768K, reserved 1048576K
Event: 3.455 GC heap after
Heap after GC invocations=5 (full 0):
 PSYoungGen      total 64000K, used 2559K [0x00000000eab00000, 0x00000000f6400000, 0x0000000100000000)
  eden space 61440K, 0% used [0x00000000eab00000,0x00000000eab00000,0x00000000ee700000)
  from space 2560K, 99% used [0x00000000ee700000,0x00000000ee97fcc8,0x00000000ee980000)
  to   space 33280K, 0% used [0x00000000f4380000,0x00000000f4380000,0x00000000f6400000)
 ParOldGen       total 59392K, used 56647K [0x00000000c0000000, 0x00000000c3a00000, 0x00000000eab00000)
  object space 59392K, 95% used [0x00000000c0000000,0x00000000c3751db8,0x00000000c3a00000)
 Metaspace       used 6906K, capacity 7480K, committed 7680K, reserved 1056768K
  class space    used 670K, capacity 688K, committed 768K, reserved 1048576K
}
Event: 3.455 GC heap before
{Heap before GC invocations=6 (full 1):
 PSYoungGen      total 64000K, used 2559K [0x00000000eab00000, 0x00000000f6400000, 0x0000000100000000)
  eden space 61440K, 0% used [0x00000000eab00000,0x00000000eab00000,0x00000000ee700000)
  from space 2560K, 99% used [0x00000000ee700000,0x00000000ee97fcc8,0x00000000ee980000)
  to   space 33280K, 0% used [0x00000000f4380000,0x00000000f4380000,0x00000000f6400000)
 ParOldGen       total 59392K, used 56647K [0x00000000c0000000, 0x00000000c3a00000, 0x00000000eab00000)
  object space 59392K, 95% used [0x00000000c0000000,0x00000000c3751db8,0x00000000c3a00000)
 Metaspace       used 6906K, capacity 7480K, committed 7680K, reserved 1056768K
  class space    used 670K, capacity 688K, committed 768K, reserved 1048576K
Event: 3.512 GC heap after
Heap after GC invocations=6 (full 1):
 PSYoungGen      total 64000K, used 0K [0x00000000eab00000, 0x00000000f6400000, 0x0000000100000000)
  eden space 61440K, 0% used [0x00000000eab00000,0x00000000eab00000,0x00000000ee700000)
  from space 2560K, 0% used [0x00000000ee700000,0x00000000ee700000,0x00000000ee980000)
  to   space 33280K, 0% used [0x00000000f4380000,0x00000000f4380000,0x00000000f6400000)
 ParOldGen       total 77824K, used 26981K [0x00000000c0000000, 0x00000000c4c00000, 0x00000000eab00000)
  object space 77824K, 34% used [0x00000000c0000000,0x00000000c1a595e0,0x00000000c4c00000)
 Metaspace       used 6906K, capacity 7480K, committed 7680K, reserved 1056768K
  class space    used 670K, capacity 688K, committed 768K, reserved 1048576K
}
Event: 3.994 GC heap before
{Heap before GC invocations=7 (full 1):
 PSYoungGen      total 64000K, used 61440K [0x00000000eab00000, 0x00000000f6400000, 0x0000000100000000)
  eden space 61440K, 100% used [0x00000000eab00000,0x00000000ee700000,0x00000000ee700000)
  from space 2560K, 0% used [0x00000000ee700000,0x00000000ee700000,0x00000000ee980000)
  to   space 33280K, 0% used [0x00000000f4380000,0x00000000f4380000,0x00000000f6400000)
 ParOldGen       total 77824K, used 26981K [0x00000000c0000000, 0x00000000c4c00000, 0x00000000eab00000)
  object space 77824K, 34% used [0x00000000c0000000,0x00000000c1a595e0,0x00000000c4c00000)
 Metaspace       used 7350K, capacity 7864K, committed 7936K, reserved 1056768K
  class space    used 716K, capacity 752K, committed 768K, reserved 1048576K
Event: 4.011 GC heap after
Heap after GC invocations=7 (full 1):
 PSYoungGen      total 115200K, used 3285K [0x00000000eab00000, 0x00000000f4f80000, 0x0000000100000000)
  eden space 102912K, 0% used [0x00000000eab00000,0x00000000eab00000,0x00000000f0f80000)
  from space 12288K, 26% used [0x00000000f4380000,0x00000000f46b5468,0x00000000f4f80000)
  to   space 32768K, 0% used [0x00000000f0f80000,0x00000000f0f80000,0x00000000f2f80000)
 ParOldGen       total 77824K, used 26989K [0x00000000c0000000, 0x00000000c4c00000, 0x00000000eab00000)
  object space 77824K, 34% used [0x00000000c0000000,0x00000000c1a5b5e0,0x00000000c4c00000)
 Metaspace       used 7350K, capacity 7864K, committed 7936K, reserved 1056768K
  class space    used 716K, capacity 752K, committed 768K, reserved 1048576K
}
Event: 4.337 GC heap before
{Heap before GC invocations=8 (full 1):
 PSYoungGen      total 115200K, used 106197K [0x00000000eab00000, 0x00000000f4f80000, 0x0000000100000000)
  eden space 102912K, 100% used [0x00000000eab00000,0x00000000f0f80000,0x00000000f0f80000)
  from space 12288K, 26% used [0x00000000f4380000,0x00000000f46b5468,0x00000000f4f80000)
  to   space 32768K, 0% used [0x00000000f0f80000,0x00000000f0f80000,0x00000000f2f80000)
 ParOldGen       total 77824K, used 26989K [0x00000000c0000000, 0x00000000c4c00000, 0x00000000eab00000)
  object space 77824K, 34% used [0x00000000c0000000,0x00000000c1a5b5e0,0x00000000c4c00000)
 Metaspace       used 7366K, capacity 7864K, committed 7936K, reserved 1056768K
  class space    used 717K, capacity 752K, committed 768K, reserved 1048576K

