# JRE version: Java(TM) SE Runtime Environment (8.0_45-b14) (build 1.8.0_45-b14)
# Java VM: Java HotSpot(TM) 64-Bit Server VM (25.45-b02 mixed mode linux-amd64 compressed oops)
Heap:
 PSYoungGen      total 137216K, used 28272K [0x00000000eab00000, 0x00000000f5180000, 0x0000000100000000)
  eden space 103936K, 0% used [0x00000000eab00000,0x00000000eab00000,0x00000000f1080000)
  from space 33280K, 84% used [0x00000000f1080000,0x00000000f2c1c158,0x00000000f3100000)
  to   space 13312K, 0% used [0x00000000f4480000,0x00000000f4480000,0x00000000f5180000)
 ParOldGen       total 79360K, used 34706K [0x00000000c0000000, 0x00000000c4d80000, 0x00000000eab00000)
  object space 79360K, 43% used [0x00000000c0000000,0x00000000c21e4bc8,0x00000000c4d80000)
 Metaspace       used 7454K, capacity 7928K, committed 8192K, reserved 1056768K
  class space    used 717K, capacity 752K, committed 768K, reserved 1048576K
GC Heap History (10 events):
Event: 1.848 GC heap after
Heap after GC invocations=3 (full 0):
 PSYoungGen      total 33280K, used 2544K [0x00000000eab00000, 0x00000000eec00000, 0x0000000100000000)
  eden space 30720K, 0% used [0x00000000eab00000,0x00000000eab00000,0x00000000ec900000)
  from space 2560K, 99% used [0x00000000ec900000,0x00000000ecb7c398,0x00000000ecb80000)
  to   space 2560K, 0% used [0x00000000ee980000,0x00000000ee980000,0x00000000eec00000)
 ParOldGen       total 40960K, used 13286K [0x00000000c0000000, 0x00000000c2800000, 0x00000000eab00000)
  object space 40960K, 32% used [0x00000000c0000000,0x00000000c0cf98a0,0x00000000c2800000)
 Metaspace       used 5927K, capacity 6896K, committed 7040K, reserved 1056768K
  class space    used 582K, capacity 616K, committed 640K, reserved 1048576K
}
Event: 2.453 GC heap before
{Heap before GC invocations=4 (full 0):
 PSYoungGen      total 33280K, used 24257K [0x00000000eab00000, 0x00000000eec00000, 0x0000000100000000)
  eden space 30720K, 70% used [0x00000000eab00000,0x00000000ec034190,0x00000000ec900000)
  from space 2560K, 99% used [0x00000000ec900000,0x00000000ecb7c398,0x00000000ecb80000)
  to   space 2560K, 0% used [0x00000000ee980000,0x00000000ee980000,0x00000000eec00000)
 ParOldGen       total 40960K, used 13286K [0x00000000c0000000, 0x00000000c2800000, 0x00000000eab00000)
  object space 40960K, 32% used [0x00000000c0000000,0x00000000c0cf98a0,0x00000000c2800000)
 Metaspace       used 6813K, capacity 7416K, committed 7680K, reserved 1056768K
  class space    used 654K, capacity 688K, committed 768K, reserved 1048576K
Event: 2.474 GC heap after
Heap after GC invocations=4 (full 0):
 PSYoungGen      total 64000K, used 2533K [0x00000000eab00000, 0x00000000eec00000, 0x0000000100000000)
  eden space 61440K, 0% used [0x00000000eab00000,0x00000000eab00000,0x00000000ee700000)
  from space 2560K, 98% used [0x00000000ee980000,0x00000000eebf9500,0x00000000eec00000)
  to   space 2560K, 0% used [0x00000000ee700000,0x00000000ee700000,0x00000000ee980000)
 ParOldGen       total 40960K, used 20062K [0x00000000c0000000, 0x00000000c2800000, 0x00000000eab00000)
  object space 40960K, 48% used [0x00000000c0000000,0x00000000c1397978,0x00000000c2800000)
 Metaspace       used 6813K, capacity 7416K, committed 7680K, reserved 1056768K
  class space    used 654K, capacity 688K, committed 768K, reserved 1048576K
}
Event: 2.850 GC heap before
{Heap before GC invocations=5 (full 0):
 PSYoungGen      total 64000K, used 63973K [0x00000000eab00000, 0x00000000eec00000, 0x0000000100000000)
  eden space 61440K, 100% used [0x00000000eab00000,0x00000000ee700000,0x00000000ee700000)
  from space 2560K, 98% used [0x00000000ee980000,0x00000000eebf9500,0x00000000eec00000)
  to   space 2560K, 0% used [0x00000000ee700000,0x00000000ee700000,0x00000000ee980000)
 ParOldGen       total 40960K, used 20062K [0x00000000c0000000, 0x00000000c2800000, 0x00000000eab00000)
  object space 40960K, 48% used [0x00000000c0000000,0x00000000c1397978,0x00000000c2800000)
 Metaspace       used 7043K, capacity 7608K, committed 7936K, reserved 1056768K
  class space    used 673K, capacity 688K, committed 768K, reserved 1048576K
Event: 2.893 GC heap after
Heap after GC invocations=5 (full 0):
 PSYoungGen      total 64000K, used 2546K [0x00000000eab00000, 0x00000000f6600000, 0x0000000100000000)
  eden space 61440K, 0% used [0x00000000eab00000,0x00000000eab00000,0x00000000ee700000)
  from space 2560K, 99% used [0x00000000ee700000,0x00000000ee97caf8,0x00000000ee980000)
  to   space 34304K, 0% used [0x00000000f4480000,0x00000000f4480000,0x00000000f6600000)
 ParOldGen       total 59392K, used 58813K [0x00000000c0000000, 0x00000000c3a00000, 0x00000000eab00000)
  object space 59392K, 99% used [0x00000000c0000000,0x00000000c396f740,0x00000000c3a00000)
 Metaspace       used 7043K, capacity 7608K, committed 7936K, reserved 1056768K
  class space    used 673K, capacity 688K, committed 768K, reserved 1048576K
}
Event: 2.946 GC heap before
{Heap before GC invocations=6 (full 1):
 PSYoungGen      total 64000K, used 2546K [0x00000000eab00000, 0x00000000f6600000, 0x0000000100000000)
  eden space 61440K, 0% used [0x00000000eab00000,0x00000000eab00000,0x00000000ee700000)
  from space 2560K, 99% used [0x00000000ee700000,0x00000000ee97caf8,0x00000000ee980000)
  to   space 34304K, 0% used [0x00000000f4480000,0x00000000f4480000,0x00000000f6600000)
 ParOldGen       total 59392K, used 58813K [0x00000000c0000000, 0x00000000c3a00000, 0x00000000eab00000)
  object space 59392K, 99% used [0x00000000c0000000,0x00000000c396f740,0x00000000c3a00000)
 Metaspace       used 7043K, capacity 7608K, committed 7936K, reserved 1056768K
  class space    used 673K, capacity 688K, committed 768K, reserved 1048576K
Event: 3.029 GC heap after
Heap after GC invocations=6 (full 1):
 PSYoungGen      total 64000K, used 0K [0x00000000eab00000, 0x00000000f6600000, 0x0000000100000000)
  eden space 61440K, 0% used [0x00000000eab00000,0x00000000eab00000,0x00000000ee700000)
  from space 2560K, 0% used [0x00000000ee700000,0x00000000ee700000,0x00000000ee980000)
  to   space 34304K, 0% used [0x00000000f4480000,0x00000000f4480000,0x00000000f6600000)
 ParOldGen       total 79360K, used 27425K [0x00000000c0000000, 0x00000000c4d80000, 0x00000000eab00000)
  object space 79360K, 34% used [0x00000000c0000000,0x00000000c1ac86f8,0x00000000c4d80000)
 Metaspace       used 7043K, capacity 7608K, committed 7936K, reserved 1056768K
  class space    used 673K, capacity 688K, committed 768K, reserved 1048576K
}
Event: 3.534 GC heap before
{Heap before GC invocations=7 (full 1):
 PSYoungGen      total 64000K, used 61440K [0x00000000eab00000, 0x00000000f6600000, 0x0000000100000000)
  eden space 61440K, 100% used [0x00000000eab00000,0x00000000ee700000,0x00000000ee700000)
  from space 2560K, 0% used [0x00000000ee700000,0x00000000ee700000,0x00000000ee980000)
  to   space 34304K, 0% used [0x00000000f4480000,0x00000000f4480000,0x00000000f6600000)
 ParOldGen       total 79360K, used 27425K [0x00000000c0000000, 0x00000000c4d80000, 0x00000000eab00000)
  object space 79360K, 34% used [0x00000000c0000000,0x00000000c1ac86f8,0x00000000c4d80000)
 Metaspace       used 7441K, capacity 7928K, committed 8192K, reserved 1056768K
  class space    used 716K, capacity 752K, committed 768K, reserved 1048576K
Event: 3.567 GC heap after
Heap after GC invocations=7 (full 1):
 PSYoungGen      total 117248K, used 4328K [0x00000000eab00000, 0x00000000f5180000, 0x0000000100000000)
  eden space 103936K, 0% used [0x00000000eab00000,0x00000000eab00000,0x00000000f1080000)
  from space 13312K, 32% used [0x00000000f4480000,0x00000000f48ba1b0,0x00000000f5180000)
  to   space 33280K, 0% used [0x00000000f1080000,0x00000000f1080000,0x00000000f3100000)
 ParOldGen       total 79360K, used 27433K [0x00000000c0000000, 0x00000000c4d80000, 0x00000000eab00000)
  object space 79360K, 34% used [0x00000000c0000000,0x00000000c1aca6f8,0x00000000c4d80000)
 Metaspace       used 7441K, capacity 7928K, committed 8192K, reserved 1056768K
  class space    used 716K, capacity 752K, committed 768K, reserved 1048576K
}
Event: 4.141 GC heap before
{Heap before GC invocations=8 (full 1):
 PSYoungGen      total 117248K, used 108264K [0x00000000eab00000, 0x00000000f5180000, 0x0000000100000000)
  eden space 103936K, 100% used [0x00000000eab00000,0x00000000f1080000,0x00000000f1080000)
  from space 13312K, 32% used [0x00000000f4480000,0x00000000f48ba1b0,0x00000000f5180000)
  to   space 33280K, 0% used [0x00000000f1080000,0x00000000f1080000,0x00000000f3100000)
 ParOldGen       total 79360K, used 27433K [0x00000000c0000000, 0x00000000c4d80000, 0x00000000eab00000)
  object space 79360K, 34% used [0x00000000c0000000,0x00000000c1aca6f8,0x00000000c4d80000)
 Metaspace       used 7454K, capacity 7928K, committed 8192K, reserved 1056768K
  class space    used 717K, capacity 752K, committed 768K, reserved 1048576K

