# JRE version: Java(TM) SE Runtime Environment (8.0_45-b14) (build 1.8.0_45-b14)
# Java VM: Java HotSpot(TM) 64-Bit Server VM (25.45-b02 mixed mode linux-amd64 compressed oops)
Heap:
 PSYoungGen      total 129024K, used 27518K [0x00000000eab00000, 0x00000000f4700000, 0x0000000100000000)
  eden space 98816K, 0% used [0x00000000eab00000,0x00000000eab00000,0x00000000f0b80000)
  from space 30208K, 91% used [0x00000000f0b80000,0x00000000f265fa20,0x00000000f2900000)
  to   space 30720K, 0% used [0x00000000f2900000,0x00000000f2900000,0x00000000f4700000)
 ParOldGen       total 77312K, used 36864K [0x00000000c0000000, 0x00000000c4b80000, 0x00000000eab00000)
  object space 77312K, 47% used [0x00000000c0000000,0x00000000c24002e8,0x00000000c4b80000)
 Metaspace       used 7384K, capacity 7864K, committed 7936K, reserved 1056768K
  class space    used 713K, capacity 752K, committed 768K, reserved 1048576K
GC Heap History (10 events):
Event: 2.705 GC heap after
Heap after GC invocations=5 (full 0):
 PSYoungGen      total 33280K, used 2546K [0x00000000eab00000, 0x00000000f2700000, 0x0000000100000000)
  eden space 30720K, 0% used [0x00000000eab00000,0x00000000eab00000,0x00000000ec900000)
  from space 2560K, 99% used [0x00000000ec900000,0x00000000ecb7cbb0,0x00000000ecb80000)
  to   space 32768K, 0% used [0x00000000f0700000,0x00000000f0700000,0x00000000f2700000)
 ParOldGen       total 59392K, used 53867K [0x00000000c0000000, 0x00000000c3a00000, 0x00000000eab00000)
  object space 59392K, 90% used [0x00000000c0000000,0x00000000c349ad38,0x00000000c3a00000)
 Metaspace       used 6834K, capacity 7416K, committed 7680K, reserved 1056768K
  class space    used 660K, capacity 688K, committed 768K, reserved 1048576K
}
Event: 2.705 GC heap before
{Heap before GC invocations=6 (full 1):
 PSYoungGen      total 33280K, used 2546K [0x00000000eab00000, 0x00000000f2700000, 0x0000000100000000)
  eden space 30720K, 0% used [0x00000000eab00000,0x00000000eab00000,0x00000000ec900000)
  from space 2560K, 99% used [0x00000000ec900000,0x00000000ecb7cbb0,0x00000000ecb80000)
  to   space 32768K, 0% used [0x00000000f0700000,0x00000000f0700000,0x00000000f2700000)
 ParOldGen       total 59392K, used 53867K [0x00000000c0000000, 0x00000000c3a00000, 0x00000000eab00000)
  object space 59392K, 90% used [0x00000000c0000000,0x00000000c349ad38,0x00000000c3a00000)
 Metaspace       used 6834K, capacity 7416K, committed 7680K, reserved 1056768K
  class space    used 660K, capacity 688K, committed 768K, reserved 1048576K
Event: 2.734 GC heap after
Heap after GC invocations=6 (full 1):
 PSYoungGen      total 33280K, used 0K [0x00000000eab00000, 0x00000000f2700000, 0x0000000100000000)
  eden space 30720K, 0% used [0x00000000eab00000,0x00000000eab00000,0x00000000ec900000)
  from space 2560K, 0% used [0x00000000ec900000,0x00000000ec900000,0x00000000ecb80000)
  to   space 32768K, 0% used [0x00000000f0700000,0x00000000f0700000,0x00000000f2700000)
 ParOldGen       total 77312K, used 28812K [0x00000000c0000000, 0x00000000c4b80000, 0x00000000eab00000)
  object space 77312K, 37% used [0x00000000c0000000,0x00000000c1c23310,0x00000000c4b80000)
 Metaspace       used 6834K, capacity 7416K, committed 7680K, reserved 1056768K
  class space    used 660K, capacity 688K, committed 768K, reserved 1048576K
}
Event: 2.873 GC heap before
{Heap before GC invocations=7 (full 1):
 PSYoungGen      total 33280K, used 30720K [0x00000000eab00000, 0x00000000f2700000, 0x0000000100000000)
  eden space 30720K, 100% used [0x00000000eab00000,0x00000000ec900000,0x00000000ec900000)
  from space 2560K, 0% used [0x00000000ec900000,0x00000000ec900000,0x00000000ecb80000)
  to   space 32768K, 0% used [0x00000000f0700000,0x00000000f0700000,0x00000000f2700000)
 ParOldGen       total 77312K, used 28812K [0x00000000c0000000, 0x00000000c4b80000, 0x00000000eab00000)
  object space 77312K, 37% used [0x00000000c0000000,0x00000000c1c23310,0x00000000c4b80000)
 Metaspace       used 6911K, capacity 7416K, committed 7680K, reserved 1056768K
  class space    used 665K, capacity 688K, committed 768K, reserved 1048576K
Event: 2.876 GC heap after
Heap after GC invocations=7 (full 1):
 PSYoungGen      total 81920K, used 864K [0x00000000eab00000, 0x00000000f2100000, 0x0000000100000000)
  eden space 55296K, 0% used [0x00000000eab00000,0x00000000eab00000,0x00000000ee100000)
  from space 26624K, 3% used [0x00000000f0700000,0x00000000f07d8000,0x00000000f2100000)
  to   space 32768K, 0% used [0x00000000ee100000,0x00000000ee100000,0x00000000f0100000)
 ParOldGen       total 77312K, used 28820K [0x00000000c0000000, 0x00000000c4b80000, 0x00000000eab00000)
  object space 77312K, 37% used [0x00000000c0000000,0x00000000c1c25310,0x00000000c4b80000)
 Metaspace       used 6911K, capacity 7416K, committed 7680K, reserved 1056768K
  class space    used 665K, capacity 688K, committed 768K, reserved 1048576K
}
Event: 3.272 GC heap before
{Heap before GC invocations=8 (full 1):
 PSYoungGen      total 81920K, used 56160K [0x00000000eab00000, 0x00000000f2100000, 0x0000000100000000)
  eden space 55296K, 100% used [0x00000000eab00000,0x00000000ee100000,0x00000000ee100000)
  from space 26624K, 3% used [0x00000000f0700000,0x00000000f07d8000,0x00000000f2100000)
  to   space 32768K, 0% used [0x00000000ee100000,0x00000000ee100000,0x00000000f0100000)
 ParOldGen       total 77312K, used 28820K [0x00000000c0000000, 0x00000000c4b80000, 0x00000000eab00000)
  object space 77312K, 37% used [0x00000000c0000000,0x00000000c1c25310,0x00000000c4b80000)
 Metaspace       used 7366K, capacity 7864K, committed 7936K, reserved 1056768K
  class space    used 712K, capacity 752K, committed 768K, reserved 1048576K
Event: 3.279 GC heap after
Heap after GC invocations=8 (full 1):
 PSYoungGen      total 88064K, used 4021K [0x00000000eab00000, 0x00000000f4780000, 0x0000000100000000)
  eden space 55296K, 0% used [0x00000000eab00000,0x00000000eab00000,0x00000000ee100000)
  from space 32768K, 12% used [0x00000000ee100000,0x00000000ee4ed468,0x00000000f0100000)
  to   space 31232K, 0% used [0x00000000f2900000,0x00000000f2900000,0x00000000f4780000)
 ParOldGen       total 77312K, used 28828K [0x00000000c0000000, 0x00000000c4b80000, 0x00000000eab00000)
  object space 77312K, 37% used [0x00000000c0000000,0x00000000c1c27310,0x00000000c4b80000)
 Metaspace       used 7366K, capacity 7864K, committed 7936K, reserved 1056768K
  class space    used 712K, capacity 752K, committed 768K, reserved 1048576K
}
Event: 3.431 GC heap before
{Heap before GC invocations=9 (full 1):
 PSYoungGen      total 88064K, used 59317K [0x00000000eab00000, 0x00000000f4780000, 0x0000000100000000)
  eden space 55296K, 100% used [0x00000000eab00000,0x00000000ee100000,0x00000000ee100000)
  from space 32768K, 12% used [0x00000000ee100000,0x00000000ee4ed468,0x00000000f0100000)
  to   space 31232K, 0% used [0x00000000f2900000,0x00000000f2900000,0x00000000f4780000)
 ParOldGen       total 77312K, used 28828K [0x00000000c0000000, 0x00000000c4b80000, 0x00000000eab00000)
  object space 77312K, 37% used [0x00000000c0000000,0x00000000c1c27310,0x00000000c4b80000)
 Metaspace       used 7371K, capacity 7864K, committed 7936K, reserved 1056768K
  class space    used 712K, capacity 752K, committed 768K, reserved 1048576K
Event: 3.442 GC heap after
Heap after GC invocations=9 (full 1):
 PSYoungGen      total 129536K, used 3742K [0x00000000eab00000, 0x00000000f4700000, 0x0000000100000000)
  eden space 98816K, 0% used [0x00000000eab00000,0x00000000eab00000,0x00000000f0b80000)
  from space 30720K, 12% used [0x00000000f2900000,0x00000000f2ca7980,0x00000000f4700000)
  to   space 30208K, 0% used [0x00000000f0b80000,0x00000000f0b80000,0x00000000f2900000)
 ParOldGen       total 77312K, used 28836K [0x00000000c0000000, 0x00000000c4b80000, 0x00000000eab00000)
  object space 77312K, 37% used [0x00000000c0000000,0x00000000c1c29310,0x00000000c4b80000)
 Metaspace       used 7371K, capacity 7864K, committed 7936K, reserved 1056768K
  class space    used 712K, capacity 752K, committed 768K, reserved 1048576K
}
Event: 4.172 GC heap before
{Heap before GC invocations=10 (full 1):
 PSYoungGen      total 129536K, used 102558K [0x00000000eab00000, 0x00000000f4700000, 0x0000000100000000)
  eden space 98816K, 100% used [0x00000000eab00000,0x00000000f0b80000,0x00000000f0b80000)
  from space 30720K, 12% used [0x00000000f2900000,0x00000000f2ca7980,0x00000000f4700000)
  to   space 30208K, 0% used [0x00000000f0b80000,0x00000000f0b80000,0x00000000f2900000)
 ParOldGen       total 77312K, used 28836K [0x00000000c0000000, 0x00000000c4b80000, 0x00000000eab00000)
  object space 77312K, 37% used [0x00000000c0000000,0x00000000c1c29310,0x00000000c4b80000)
 Metaspace       used 7384K, capacity 7864K, committed 7936K, reserved 1056768K
  class space    used 713K, capacity 752K, committed 768K, reserved 1048576K

